100
-119.79 115.743
-341.11 5.55424
-240.418 104.42
-345.178 -138.766
161.363 253.429
-380.308 331.632
327.832 -312.383
72.5121 392.05
78.1448 22.9803
458.959 269.227
247.741 54.9231
74.4803 208.189
27.1949 100.85
260.704 292.27
-58.7366 -446.717
491.112 41.0724
305.722 301.966
387.285 -47.0453
130.033 -167.116
-387.805 495.068
-382.91 -49.5029
228.718 -80.8542
-221.356 217.878
132.298 458.158
-299.244 -232.088
288.412 431.088
-420.53 430.155
-139.634 445.103
473.585 15.0324
-275.234 290.413
108.312 -466.702
-308.903 -414.872
-200.872 -209.623
-69.6436 -184.321
-197.449 -104.841
420.433 -20.7371
491.166 354.581
-235.461 -291.843
249.305 313.932
465.724 92.8232
467.557 68.0331
171.426 258.144
53.8704 -289.543
-275.283 162.505
-363.054 274.594
-102.324 74.9208
391.906 399.798
313.31 90.8828
-323.326 -246.671
14.663 -269.586
340.65 -364.782
-153.18 -226.386
-290.262 -280.353
-275.616 -319.984
-442.392 14.3527
88.3198 -298.367
441.012 -234.806
-243.963 -228.404
-483.747 -499.212
450.59 -382.422
217.673 291.016
35.595 225.847
-381.682 -52.2531
181.915 -468.867
152.349 -310.08
43.2925 -455.927
112.796 -227.452
100.86 273.249
236.207 7.14989
-16.8862 360.061
-488.677 202.994
371.894 404.165
-153.661 -189.5
-360.775 319.864
493.496 -44.8323
-149.397 -401.52
-182.046 -114.87
-227.214 -223.715
-88.9109 22.7356
202.342 -106.21
389.94 419.727
382.294 348.257
-40.3764 -205.226
238.591 170.643
-315.913 35.3972
-445.382 -98.1041
-37.8157 315.347
-360.301 -126.548
-418.219 -128
322.005 470.746
412.358 -281.076
326.315 424.394
141.741 196.178
-79.8971 -367.454
30.8883 -274.002
-258.124 -334.257
-185.735 190.379
-365.613 154.9
-384.631 -142.007
15.031 -255.402
